This is pdfTeX, Version 3.141592653-2.6-1.40.26 (MiKTeX 24.4) (preloaded format=pdflatex 2025.1.3)  29 JAN 2025 11:05
entering extended mode
 \write18 enabled.
 %&-line parsing enabled.
**./operacoes-basicas.tex
(operacoes-basicas.tex
LaTeX2e <2024-11-01> patch level 1
L3 programming layer <2024-12-09>
! Undefined control sequence.
l.1 \section
            {Lista 01 - Exercícios Operações Básicas}
The control sequence at the end of the top line
of your error message was never \def'ed. If you have
misspelled it (e.g., `\hobx'), type `I' and the correct
spelling (e.g., `I\hbox'). Otherwise just continue,
and I'll forget about whatever was undefined.


! LaTeX Error: Missing \begin{document}.

See the LaTeX manual or LaTeX Companion for explanation.
Type  H <return>  for immediate help.
 ...                                              
                                                  
l.1 \section{L
              ista 01 - Exercícios Operações Básicas}
You're in trouble here.  Try typing  <return>  to proceed.
If that doesn't work, type  X <return>  to quit.

Missing character: There is no L in font nullfont!
Missing character: There is no i in font nullfont!
Missing character: There is no s in font nullfont!
Missing character: There is no t in font nullfont!
Missing character: There is no a in font nullfont!
Missing character: There is no 0 in font nullfont!
Missing character: There is no 1 in font nullfont!
Missing character: There is no - in font nullfont!
Missing character: There is no E in font nullfont!
Missing character: There is no x in font nullfont!
Missing character: There is no e in font nullfont!
Missing character: There is no r in font nullfont!
Missing character: There is no c in font nullfont!
LaTeX Font Info:    Trying to load font information for +cmr on input line 1.
LaTeX Font Info:    No file cmr.fd. on input line 1.

LaTeX Font Warning: Font shape `/cmr/m/n' undefined
(Font)              using `/cmr/m/n' instead on input line 1.

! Corrupted NFSS tables.
wrong@fontshape ...message {Corrupted NFSS tables}
                                                  error@fontshape else let f...
l.1 \section{Lista 01 - Exercí
                               cios Operações Básicas}
This error message was generated by an \errmessage
command, so I can't give any explicit help.
Pretend that you're Hercule Poirot: Examine all clues,
and deduce the truth by order and method.


LaTeX Font Warning: Font shape `/cmr/m/n' undefined
(Font)              using `OT1/cmr/m/n' instead on input line 1.

Missing character: There is no c in font nullfont!
Missing character: There is no i in font nullfont!
Missing character: There is no o in font nullfont!
Missing character: There is no s in font nullfont!
Missing character: There is no O in font nullfont!
Missing character: There is no p in font nullfont!
Missing character: There is no e in font nullfont!
Missing character: There is no r in font nullfont!
Missing character: There is no a in font nullfont!
Missing character: There is no e in font nullfont!
Missing character: There is no s in font nullfont!
Missing character: There is no B in font nullfont!
Missing character: There is no s in font nullfont!
Missing character: There is no i in font nullfont!
Missing character: There is no c in font nullfont!
Missing character: There is no a in font nullfont!
Missing character: There is no s in font nullfont!

Overfull \hbox (20.0pt too wide) in paragraph at lines 1--2
[]
 []


Overfull \hbox (7.7778pt too wide) in paragraph at lines 1--2
\/cmr/m/n/10 ^^S^^P
 []


Overfull \hbox (9.44446pt too wide) in paragraph at lines 1--2
\/cmr/m/n/10 ^^Xc~o
 []


Overfull \hbox (5.00002pt too wide) in paragraph at lines 1--2
\/cmr/m/n/10 ^^Sa 
 []


! LaTeX Error: Missing \begin{document}.

See the LaTeX manual or LaTeX Companion for explanation.
Type  H <return>  for immediate help.
 ...                                              
                                                  
l.4 \begin{enumerate}
                     
You're in trouble here.  Try typing  <return>  to proceed.
If that doesn't work, type  X <return>  to quit.


Overfull \hbox (20.0pt too wide) in paragraph at lines 4--4
[] 
 []

Missing character: There is no R in font nullfont!
Missing character: There is no e in font nullfont!
Missing character: There is no s in font nullfont!
Missing character: There is no o in font nullfont!
Missing character: There is no l in font nullfont!
Missing character: There is no v in font nullfont!
Missing character: There is no a in font nullfont!
Missing character: There is no a in font nullfont!
Missing character: There is no s in font nullfont!
Missing character: There is no o in font nullfont!
Missing character: There is no p in font nullfont!
Missing character: There is no e in font nullfont!
Missing character: There is no r in font nullfont!
Missing character: There is no a in font nullfont!
Missing character: There is no e in font nullfont!
Missing character: There is no s in font nullfont!
Missing character: There is no a in font nullfont!
Missing character: There is no s in font nullfont!
Missing character: There is no e in font nullfont!
Missing character: There is no g in font nullfont!
Missing character: There is no u in font nullfont!
Missing character: There is no i in font nullfont!
Missing character: There is no r in font nullfont!
Missing character: There is no e in font nullfont!
Missing character: There is no d in font nullfont!
Missing character: There is no e in font nullfont!
Missing character: There is no c in font nullfont!
Missing character: There is no o in font nullfont!
Missing character: There is no m in font nullfont!
Missing character: There is no p in font nullfont!
Missing character: There is no o in font nullfont!
Missing character: There is no n in font nullfont!
Missing character: There is no h in font nullfont!
Missing character: There is no a in font nullfont!
Missing character: There is no o in font nullfont!
Missing character: There is no s in font nullfont!
Missing character: There is no r in font nullfont!
Missing character: There is no e in font nullfont!
Missing character: There is no s in font nullfont!
Missing character: There is no u in font nullfont!
Missing character: There is no l in font nullfont!
Missing character: There is no t in font nullfont!
Missing character: There is no a in font nullfont!
Missing character: There is no d in font nullfont!
Missing character: There is no o in font nullfont!
Missing character: There is no s in font nullfont!
Missing character: There is no . in font nullfont!

Overfull \hbox (9.44446pt too wide) in paragraph at lines 5--6
\/cmr/m/n/10 ^^Xc~o
 []

Missing character: There is no A in font nullfont!
Missing character: There is no d in font nullfont!
Missing character: There is no i in font nullfont!
Missing character: There is no o in font nullfont!

Overfull \hbox (9.44446pt too wide) in paragraph at lines 8--9
\/cmr/m/n/10 ^^Xc~a 
 []

LaTeX Font Info:    External font `cmex10' loaded for size
(Font)              <7> on input line 10.
LaTeX Font Info:    External font `cmex10' loaded for size
(Font)              <5> on input line 10.

Overfull \hbox (22.77785pt too wide) in paragraph at lines 10--11
\/cmr/m/n/10 103 +
 []


Overfull \hbox (15.00005pt too wide) in paragraph at lines 10--11
\/cmr/m/n/10 069$ 
 []


Overfull \hbox (27.77786pt too wide) in paragraph at lines 11--12
\/cmr/m/n/10 1394 +
 []


Overfull \hbox (25.00008pt too wide) in paragraph at lines 11--12
\/cmr/m/n/10 78998$ 
 []


Overfull \hbox (37.22229pt too wide) in paragraph at lines 12--13
\/cmr/m/n/10 3\OML/cmm/m/it/10 ; \/cmr/m/n/10 0091 +
 []


Overfull \hbox (44.44453pt too wide) in paragraph at lines 12--13
\/cmr/m/n/10 267\OML/cmm/m/it/10 ; \/cmr/m/n/10 02001$ 
 []


Overfull \hbox (27.22226pt too wide) in paragraph at lines 13--14
\/cmr/m/n/10 5\OML/cmm/m/it/10 ; \/cmr/m/n/10 25 +
 []


Overfull \hbox (24.44447pt too wide) in paragraph at lines 13--14
\/cmr/m/n/10 1\OML/cmm/m/it/10 ; \/cmr/m/n/10 563$ 
 []

Missing character: There is no S in font nullfont!
Missing character: There is no u in font nullfont!
Missing character: There is no b in font nullfont!
Missing character: There is no t in font nullfont!
Missing character: There is no r in font nullfont!
Missing character: There is no a in font nullfont!
Missing character: There is no o in font nullfont!

Overfull \hbox (9.44446pt too wide) in paragraph at lines 16--17
\/cmr/m/n/10 ^^Xc~a 
 []


Overfull \hbox (22.77785pt too wide) in paragraph at lines 19--20
\/cmr/m/n/10 371 \OMS/cmsy/m/n/10 ^^@
 []


Overfull \hbox (15.00005pt too wide) in paragraph at lines 19--20
\/cmr/m/n/10 268$ 
 []


Overfull \hbox (17.77783pt too wide) in paragraph at lines 20--21
\/cmr/m/n/10 26 \OMS/cmsy/m/n/10 ^^@
 []


Overfull \hbox (15.00005pt too wide) in paragraph at lines 20--21
\/cmr/m/n/10 123$ 
 []


Overfull \hbox (27.22226pt too wide) in paragraph at lines 21--22
\/cmr/m/n/10 1\OML/cmm/m/it/10 ; \/cmr/m/n/10 25 \OMS/cmsy/m/n/10 ^^@
 []


Overfull \hbox (14.44444pt too wide) in paragraph at lines 21--22
\/cmr/m/n/10 1\OML/cmm/m/it/10 ; \/cmr/m/n/10 5$ 
 []


Overfull \hbox (32.22227pt too wide) in paragraph at lines 22--23
\/cmr/m/n/10 0\OML/cmm/m/it/10 ; \/cmr/m/n/10 029 \OMS/cmsy/m/n/10 ^^@
 []


Overfull \hbox (19.44446pt too wide) in paragraph at lines 22--23
\/cmr/m/n/10 0\OML/cmm/m/it/10 ; \/cmr/m/n/10 23$ 
 []

Missing character: There is no M in font nullfont!
Missing character: There is no u in font nullfont!
Missing character: There is no l in font nullfont!
Missing character: There is no t in font nullfont!
Missing character: There is no i in font nullfont!
Missing character: There is no p in font nullfont!
Missing character: There is no l in font nullfont!
Missing character: There is no i in font nullfont!
Missing character: There is no c in font nullfont!
Missing character: There is no a in font nullfont!
Missing character: There is no o in font nullfont!
Missing character: There is no ( in font nullfont!
Missing character: There is no ) in font nullfont!

Overfull \hbox (9.44446pt too wide) in paragraph at lines 25--26
\/cmr/m/n/10 ^^Xc~a
 []


Overfull \hbox (13.3333pt too wide) in paragraph at lines 25--26
\OMS/cmsy/m/n/10 ^^A \/cmr/m/n/10 =
 []


Overfull \hbox (5.71527pt too wide) in paragraph at lines 25--26
\OML/cmm/m/it/10 x$ 
 []


Overfull \hbox (12.77782pt too wide) in paragraph at lines 28--29
\/cmr/m/n/10 23 \OMS/cmsy/m/n/10 ^^A
 []


Overfull \hbox (10.00003pt too wide) in paragraph at lines 28--29
\/cmr/m/n/10 12$ 
 []


Overfull \hbox (17.77783pt too wide) in paragraph at lines 29--30
\/cmr/m/n/10 322 \OMS/cmsy/m/n/10 ^^A
 []


Overfull \hbox (15.00005pt too wide) in paragraph at lines 29--30
\/cmr/m/n/10 100$ 
 []


Overfull \hbox (17.22223pt too wide) in paragraph at lines 30--31
\/cmr/m/n/10 0\OML/cmm/m/it/10 ; \/cmr/m/n/10 5 \OMS/cmsy/m/n/10 ^^A
 []


Overfull \hbox (5.00002pt too wide) in paragraph at lines 30--31
\/cmr/m/n/10 3$ 
 []


Overfull \hbox (22.22224pt too wide) in paragraph at lines 31--32
\/cmr/m/n/10 5\OML/cmm/m/it/10 ; \/cmr/m/n/10 32 \OMS/cmsy/m/n/10 ^^A
 []


Overfull \hbox (19.44446pt too wide) in paragraph at lines 31--32
\/cmr/m/n/10 23\OML/cmm/m/it/10 ; \/cmr/m/n/10 5$ 
 []


Overfull \hbox (12.77782pt too wide) in paragraph at lines 32--33
\/cmr/m/n/10 22 \OMS/cmsy/m/n/10 ^^A
 []


Overfull \hbox (10.00003pt too wide) in paragraph at lines 32--33
\/cmr/m/n/10 33$ 
 []


Overfull \hbox (12.77782pt too wide) in paragraph at lines 33--34
\/cmr/m/n/10 54 \OMS/cmsy/m/n/10 ^^A
 []


Overfull \hbox (15.00005pt too wide) in paragraph at lines 33--34
\/cmr/m/n/10 763$ 
 []


Overfull \hbox (12.77782pt too wide) in paragraph at lines 34--35
\/cmr/m/n/10 83 \OMS/cmsy/m/n/10 ^^A
 []


Overfull \hbox (10.00003pt too wide) in paragraph at lines 34--35
\/cmr/m/n/10 96$ 
 []

Missing character: There is no D in font nullfont!
Missing character: There is no i in font nullfont!
Missing character: There is no v in font nullfont!
Missing character: There is no i in font nullfont!
Missing character: There is no s in font nullfont!
Missing character: There is no o in font nullfont!

Overfull \hbox (5.00002pt too wide) in paragraph at lines 37--38
\/cmr/m/n/10 ~a 
 []

! Missing $ inserted.
<inserted text> 
                $
l.39 				\item  $ 32$ \div
                          $ 2 $
I've inserted a begin-math/end-math symbol since I think
you left one out. Proceed, with fingers crossed.

Missing character: There is no 2 in font nullfont!

! LaTeX Error: Command \item invalid in math mode.

See the LaTeX manual or LaTeX Companion for explanation.
Type  H <return>  for immediate help.
 ...                                              
                                                  
l.40 				\item
                $ 45 \cdot 3 $
Try typing  <return>  to proceed.
If that doesn't work, type  X <return>  to quit.

! Missing $ inserted.
<inserted text> 
                $
l.40 				\item  $
                  45 \cdot 3 $
I've inserted a begin-math/end-math symbol since I think
you left one out. Proceed, with fingers crossed.


Overfull \hbox (10.00003pt too wide) in paragraph at lines 39--40
\/cmr/m/n/10 32$
 []


Overfull \hbox (7.7778pt too wide) in paragraph at lines 39--40
\OMS/cmsy/m/n/10 ^^D$
 []


Overfull \hbox (12.77782pt too wide) in paragraph at lines 40--41
\/cmr/m/n/10 45 \OMS/cmsy/m/n/10 ^^A
 []


Overfull \hbox (5.00002pt too wide) in paragraph at lines 40--41
\/cmr/m/n/10 3$ 
 []


Overfull \hbox (17.77783pt too wide) in paragraph at lines 41--42
\/cmr/m/n/10 125 \OMS/cmsy/m/n/10 ^^A
 []


Overfull \hbox (5.00002pt too wide) in paragraph at lines 41--42
\/cmr/m/n/10 5$ 
 []


Overfull \hbox (17.77783pt too wide) in paragraph at lines 42--43
\/cmr/m/n/10 520 \OMS/cmsy/m/n/10 ^^A
 []


Overfull \hbox (10.00003pt too wide) in paragraph at lines 42--43
\/cmr/m/n/10 10$ 
 []


Overfull \hbox (17.22223pt too wide) in paragraph at lines 43--44
\/cmr/m/n/10 3\OML/cmm/m/it/10 ; \/cmr/m/n/10 5 \OMS/cmsy/m/n/10 ^^A
 []


Overfull \hbox (14.44444pt too wide) in paragraph at lines 43--44
\/cmr/m/n/10 1\OML/cmm/m/it/10 ; \/cmr/m/n/10 5$ 
 []

Missing character: There is no F in font nullfont!
Missing character: There is no r in font nullfont!
Missing character: There is no a in font nullfont!
Missing character: There is no e in font nullfont!
Missing character: There is no s in font nullfont!
Missing character: There is no e in font nullfont!
Missing character: There is no p in font nullfont!
Missing character: There is no o in font nullfont!
Missing character: There is no r in font nullfont!
Missing character: There is no c in font nullfont!
Missing character: There is no e in font nullfont!
Missing character: There is no n in font nullfont!
Missing character: There is no t in font nullfont!
Missing character: There is no a in font nullfont!
Missing character: There is no g in font nullfont!
Missing character: There is no e in font nullfont!
Missing character: There is no m in font nullfont!

Overfull \hbox (9.44446pt too wide) in paragraph at lines 48--49
\/cmr/m/n/10 ^^Xc~o
 []

! Undefined control sequence.
l.51 			\item  $ \dfrac
                       {1}{2} + \dfrac{2}{3} $
The control sequence at the end of the top line
of your error message was never \def'ed. If you have
misspelled it (e.g., `\hobx'), type `I' and the correct
spelling (e.g., `I\hbox'). Otherwise just continue,
and I'll forget about whatever was undefined.

! Undefined control sequence.
l.51 			\item  $ \dfrac{1}{2} + \dfrac
                                      {2}{3} $
The control sequence at the end of the top line
of your error message was never \def'ed. If you have
misspelled it (e.g., `\hobx'), type `I' and the correct
spelling (e.g., `I\hbox'). Otherwise just continue,
and I'll forget about whatever was undefined.


Overfull \hbox (17.77783pt too wide) in paragraph at lines 51--52
\/cmr/m/n/10 12 +
 []


Overfull \hbox (10.00003pt too wide) in paragraph at lines 51--52
\/cmr/m/n/10 23$ 
 []

! Undefined control sequence.
l.52 			\item  $    \dfrac
                          {3}{5} + \dfrac{1}{2} $
The control sequence at the end of the top line
of your error message was never \def'ed. If you have
misspelled it (e.g., `\hobx'), type `I' and the correct
spelling (e.g., `I\hbox'). Otherwise just continue,
and I'll forget about whatever was undefined.

! Undefined control sequence.
l.52 			\item  $    \dfrac{3}{5} + \dfrac
                                         {1}{2} $
The control sequence at the end of the top line
of your error message was never \def'ed. If you have
misspelled it (e.g., `\hobx'), type `I' and the correct
spelling (e.g., `I\hbox'). Otherwise just continue,
and I'll forget about whatever was undefined.


Overfull \hbox (17.77783pt too wide) in paragraph at lines 52--53
\/cmr/m/n/10 35 +
 []


Overfull \hbox (10.00003pt too wide) in paragraph at lines 52--53
\/cmr/m/n/10 12$ 
 []

! Undefined control sequence.
l.53 			\item  $ \dfrac
                       {2}{4} - \dfrac{3}{2} $
The control sequence at the end of the top line
of your error message was never \def'ed. If you have
misspelled it (e.g., `\hobx'), type `I' and the correct
spelling (e.g., `I\hbox'). Otherwise just continue,
and I'll forget about whatever was undefined.

! Undefined control sequence.
l.53 			\item  $ \dfrac{2}{4} - \dfrac
                                      {3}{2} $
The control sequence at the end of the top line
of your error message was never \def'ed. If you have
misspelled it (e.g., `\hobx'), type `I' and the correct
spelling (e.g., `I\hbox'). Otherwise just continue,
and I'll forget about whatever was undefined.


Overfull \hbox (17.77783pt too wide) in paragraph at lines 53--54
\/cmr/m/n/10 24 \OMS/cmsy/m/n/10 ^^@
 []


Overfull \hbox (10.00003pt too wide) in paragraph at lines 53--54
\/cmr/m/n/10 32$ 
 []

! Undefined control sequence.
l.54 			\item  $  \dfrac
                        {1}{2} \cdot  \dfrac{3}{6} $
The control sequence at the end of the top line
of your error message was never \def'ed. If you have
misspelled it (e.g., `\hobx'), type `I' and the correct
spelling (e.g., `I\hbox'). Otherwise just continue,
and I'll forget about whatever was undefined.

! Undefined control sequence.
l.54 			\item  $  \dfrac{1}{2} \cdot  \dfrac
                                            {3}{6} $
The control sequence at the end of the top line
of your error message was never \def'ed. If you have
misspelled it (e.g., `\hobx'), type `I' and the correct
spelling (e.g., `I\hbox'). Otherwise just continue,
and I'll forget about whatever was undefined.


Overfull \hbox (12.77782pt too wide) in paragraph at lines 54--55
\/cmr/m/n/10 12 \OMS/cmsy/m/n/10 ^^A
 []


Overfull \hbox (10.00003pt too wide) in paragraph at lines 54--55
\/cmr/m/n/10 36$ 
 []


Overfull \hbox (48.19458pt too wide) in paragraph at lines 55--56
\/cmr/m/n/10 10% \OML/cmm/m/it/10 de \/cmr/m/n/10 1100$ 
 []


Overfull \hbox (48.19458pt too wide) in paragraph at lines 56--57
\/cmr/m/n/10 25% \OML/cmm/m/it/10 de \/cmr/m/n/10 2300$ 
 []


Overfull \hbox (48.19458pt too wide) in paragraph at lines 57--58
\/cmr/m/n/10 50% \OML/cmm/m/it/10 de \/cmr/m/n/10 3250$ 
 []


Overfull \hbox (43.19456pt too wide) in paragraph at lines 58--59
\/cmr/m/n/10 12% \OML/cmm/m/it/10 de \/cmr/m/n/10 150$ 
 []


Overfull \hbox (43.19456pt too wide) in paragraph at lines 59--60
\/cmr/m/n/10 15% \OML/cmm/m/it/10 de \/cmr/m/n/10 300$ 
 []

)
! Emergency stop.
<*> ./operacoes-basicas.tex
                           
*** (job aborted, no legal \end found)

 
Here is how much of TeX's memory you used:
 41 strings out of 473574
 773 string characters out of 5726151
 397441 words of memory out of 5000000
 23325 multiletter control sequences out of 15000+600000
 558069 words of font info for 36 fonts, out of 8000000 for 9000
 1141 hyphenation exceptions out of 8191
 23i,2n,32p,137b,215s stack positions out of 10000i,1000n,20000p,200000b,200000s
!  ==> Fatal error occurred, no output PDF file produced!
