This is pdfTeX, Version 3.141592653-2.6-1.40.26 (MiKTeX 24.4) (preloaded format=pdflatex 2024.12.25)  28 DEC 2024 13:33
entering extended mode
 restricted \write18 enabled.
 %&-line parsing enabled.
**./task-ex1.tex
(task-ex1.tex
LaTeX2e <2024-11-01> patch level 1
L3 programming layer <2024-11-02>
(C:\Users\Isaque\AppData\Local\Programs\MiKTeX\tex/latex/amscls\amsart.cls
Document Class: amsart 2020/05/29 v2.20.6
\linespacing=\dimen141
\normalparindent=\dimen142
\normaltopskip=\skip49
(C:\Program Files\MiKTeX\tex/latex/amsmath\amsmath.sty
Package: amsmath 2024/11/05 v2.17t AMS math features
\@mathmargin=\skip50

For additional information on amsmath, use the `?' option.
(C:\Program Files\MiKTeX\tex/latex/amsmath\amstext.sty
Package: amstext 2021/08/26 v2.01 AMS text

(C:\Program Files\MiKTeX\tex/latex/amsmath\amsgen.sty
File: amsgen.sty 1999/11/30 v2.0 generic functions
\@emptytoks=\toks17
\ex@=\dimen143
))
(C:\Program Files\MiKTeX\tex/latex/amsmath\amsbsy.sty
Package: amsbsy 1999/11/29 v1.2d Bold Symbols
\pmbraise@=\dimen144
)
(C:\Program Files\MiKTeX\tex/latex/amsmath\amsopn.sty
Package: amsopn 2022/04/08 v2.04 operator names
)
\inf@bad=\count196
LaTeX Info: Redefining \frac on input line 233.
\uproot@=\count197
\leftroot@=\count198
LaTeX Info: Redefining \overline on input line 398.
LaTeX Info: Redefining \colon on input line 409.
\classnum@=\count199
\DOTSCASE@=\count266
LaTeX Info: Redefining \ldots on input line 495.
LaTeX Info: Redefining \dots on input line 498.
LaTeX Info: Redefining \cdots on input line 619.
\Mathstrutbox@=\box52
\strutbox@=\box53
LaTeX Info: Redefining \big on input line 721.
LaTeX Info: Redefining \Big on input line 722.
LaTeX Info: Redefining \bigg on input line 723.
LaTeX Info: Redefining \Bigg on input line 724.
\big@size=\dimen145
LaTeX Font Info:    Redeclaring font encoding OML on input line 742.
LaTeX Font Info:    Redeclaring font encoding OMS on input line 743.
\macc@depth=\count267
LaTeX Info: Redefining \bmod on input line 904.
LaTeX Info: Redefining \pmod on input line 909.
LaTeX Info: Redefining \smash on input line 939.
LaTeX Info: Redefining \relbar on input line 969.
LaTeX Info: Redefining \Relbar on input line 970.
\c@MaxMatrixCols=\count268
\dotsspace@=\muskip17
\c@parentequation=\count269
\dspbrk@lvl=\count270
\tag@help=\toks18
\row@=\count271
\column@=\count272
\maxfields@=\count273
\andhelp@=\toks19
\eqnshift@=\dimen146
\alignsep@=\dimen147
\tagshift@=\dimen148
\tagwidth@=\dimen149
\totwidth@=\dimen150
\lineht@=\dimen151
\@envbody=\toks20
\multlinegap=\skip51
\multlinetaggap=\skip52
\mathdisplay@stack=\toks21
LaTeX Info: Redefining \[ on input line 2953.
LaTeX Info: Redefining \] on input line 2954.
)
LaTeX Font Info:    Trying to load font information for U+msa on input line 397
.

(C:\Program Files\MiKTeX\tex/latex/amsfonts\umsa.fd
File: umsa.fd 2013/01/14 v3.01 AMS symbols A
)
(C:\Program Files\MiKTeX\tex/latex/amsfonts\amsfonts.sty
Package: amsfonts 2013/01/14 v3.01 Basic AMSFonts support
\symAMSa=\mathgroup4
\symAMSb=\mathgroup5
LaTeX Font Info:    Redeclaring math symbol \hbar on input line 98.
LaTeX Font Info:    Overwriting math alphabet `\mathfrak' in version `bold'
(Font)                  U/euf/m/n --> U/euf/b/n on input line 106.
)
\copyins=\insert252
\abstractbox=\box54
\listisep=\skip53
\c@part=\count274
\c@section=\count275
\c@subsection=\count276
\c@subsubsection=\count277
\c@paragraph=\count278
\c@subparagraph=\count279
\c@figure=\count280
\c@table=\count281
\abovecaptionskip=\skip54
\belowcaptionskip=\skip55
\captionindent=\dimen152
\thm@style=\toks22
\thm@bodyfont=\toks23
\thm@headfont=\toks24
\thm@notefont=\toks25
\thm@headpunct=\toks26
\thm@preskip=\skip56
\thm@postskip=\skip57
\thm@headsep=\skip58
\dth@everypar=\toks27
)
\labelwd=\skip59

(C:\Users\Isaque\AppData\Local\Programs\MiKTeX\tex/latex/tasks\tasks.sty
(C:\Program Files\MiKTeX\tex/latex/l3kernel\expl3.sty
Package: expl3 2024-11-02 L3 programming layer (loader) 

(C:\Program Files\MiKTeX\tex/latex/l3backend\l3backend-pdftex.def
File: l3backend-pdftex.def 2024-05-08 L3 backend support: PDF output (pdfTeX)
\l__color_backend_stack_int=\count282
\l__pdf_internal_box=\box55
))
(C:\Program Files\MiKTeX\tex/latex/l3packages/xparse\xparse.sty
Package: xparse 2024-08-16 L3 Experimental document command parser
)
(C:\Program Files\MiKTeX\tex/latex/l3packages/xtemplate\xtemplate.sty
Package: xtemplate 2024-08-16 L3 Experimental prototype document functions
)
Package: tasks 2022/01/08 v1.4a lists with columns filled horizontally
\g__tasks_total_items_int=\count283
\l__tasks_columns_int=\count284
\g__tasks_rows_int=\count285
\g__tasks_current_col_num_int=\count286
\g__tasks_current_row_num_int=\count287
\l__tasks_item_columns_int=\count288
\g__tasks_env_int=\count289
\l__tasks_start_int=\count290
\l__tasks_item_indent_dim=\dimen153
\l__tasks_item_default_indent_dim=\dimen154
\l__tasks_item_width_dim=\dimen155
\l__tasks_label_width_dim=\dimen156
\l__tasks_label_default_width_dim=\dimen157
\l__tasks_label_offset_dim=\dimen158
\l__tasks_label_default_offset_dim=\dimen159
\l__tasks_column_sep_dim=\dimen160
\l__tasks_correction_dim=\dimen161
\l__tasks_full_width_dim=\dimen162
\l__tasks_after_item_skip=\skip60
\l__tasks_custom_after_item_skip=\skip61
\l__tasks_before_list_skip=\skip62
\l__tasks_after_list_skip=\skip63
\l__tasks_item_coffin=\box56
\l__tasks_label_coffin=\box57
\c@task=\count291
\l__tasks_tmpa_int=\count292
\l__tasks_tmpb_int=\count293
\l__tasks_tmpa_coffin=\box58
\l__tasks_tmpa_box=\box59

LaTeX template Info: Declaring template type 'tasks' taking 3 argument(s) on
(template)           line 450.


(C:\Users\Isaque\AppData\Local\Programs\MiKTeX\tex/latex/tasks\tasks.cfg))

Package tasks Warning: You've tried setting option `counter-format' on line
(tasks)                12. However, option `counter-format' is deprecated.
(tasks)                Please use option `label' instead. Refer to the manual
(tasks)                for details.

(C:\Users\Isaque\AppData\Local\Programs\MiKTeX\tex/latex/enumitem\enumitem.sty
Package: enumitem 2019/06/20 v3.9 Customized lists
\enitkv@toks@=\toks28
\labelindent=\skip64
\enit@outerparindent=\dimen163
\enit@toks=\toks29
\enit@inbox=\box60
\enit@count@id=\count294
\enitdp@description=\count295
) (task-ex1.aux)
\openout1 = `task-ex1.aux'.

LaTeX Font Info:    Checking defaults for OML/cmm/m/it on input line 20.
LaTeX Font Info:    ... okay on input line 20.
LaTeX Font Info:    Checking defaults for OMS/cmsy/m/n on input line 20.
LaTeX Font Info:    ... okay on input line 20.
LaTeX Font Info:    Checking defaults for OT1/cmr/m/n on input line 20.
LaTeX Font Info:    ... okay on input line 20.
LaTeX Font Info:    Checking defaults for T1/cmr/m/n on input line 20.
LaTeX Font Info:    ... okay on input line 20.
LaTeX Font Info:    Checking defaults for TS1/cmr/m/n on input line 20.
LaTeX Font Info:    ... okay on input line 20.
LaTeX Font Info:    Checking defaults for OMX/cmex/m/n on input line 20.
LaTeX Font Info:    ... okay on input line 20.
LaTeX Font Info:    Checking defaults for U/cmr/m/n on input line 20.
LaTeX Font Info:    ... okay on input line 20.
LaTeX Font Info:    Trying to load font information for U+msa on input line 20.

 (C:\Program Files\MiKTeX\tex/latex/amsfonts\umsa.fd
File: umsa.fd 2013/01/14 v3.01 AMS symbols A
)
LaTeX Font Info:    Trying to load font information for U+msb on input line 20.


(C:\Program Files\MiKTeX\tex/latex/amsfonts\umsb.fd
File: umsb.fd 2013/01/14 v3.01 AMS symbols B
)

Package tasks Warning: The width of `item-indent' is too small on line 33.
(tasks)                Please set it at least to 33.31934pt.


Package tasks Warning: The width of `label-width' is too small on line 33.
(tasks)                Please set it at least to 34.72339pt.


Overfull \hbox (11.40407pt too wide) in paragraph at lines 33--33
 \OT1/cmr/bx/n/10 tsk[a].)| 
 []


Package tasks Warning: The width of `label-width' is too small on line 33.
(tasks)                Please set it at least to 34.72339pt.


Overfull \hbox (11.40407pt too wide) in paragraph at lines 33--33
 \OT1/cmr/bx/n/10 tsk[a].)| 
 []


Package tasks Warning: The width of `label-width' is too small on line 33.
(tasks)                Please set it at least to 34.72339pt.


Overfull \hbox (11.40407pt too wide) in paragraph at lines 33--33
 \OT1/cmr/bx/n/10 tsk[a].)| 
 []


Package tasks Warning: The width of `label-width' is too small on line 33.
(tasks)                Please set it at least to 34.72339pt.


Overfull \hbox (11.40407pt too wide) in paragraph at lines 33--33
 \OT1/cmr/bx/n/10 tsk[a].)| 
 []


Package tasks Warning: The width of `label-width' is too small on line 33.
(tasks)                Please set it at least to 34.72339pt.


Overfull \hbox (11.40407pt too wide) in paragraph at lines 33--33
 \OT1/cmr/bx/n/10 tsk[a].)| 
 []


Package tasks Warning: The width of `item-indent' is too small on line 44.
(tasks)                Please set it at least to 33.31934pt.


Package tasks Warning: The width of `label-width' is too small on line 44.
(tasks)                Please set it at least to 34.72339pt.


Overfull \hbox (11.40407pt too wide) in paragraph at lines 44--44
 \OT1/cmr/bx/n/10 tsk[a].)| 
 []


Package tasks Warning: The width of `label-width' is too small on line 44.
(tasks)                Please set it at least to 34.72339pt.


Overfull \hbox (11.40407pt too wide) in paragraph at lines 44--44
 \OT1/cmr/bx/n/10 tsk[a].)| 
 []


Package tasks Warning: The width of `label-width' is too small on line 44.
(tasks)                Please set it at least to 34.72339pt.


Overfull \hbox (11.40407pt too wide) in paragraph at lines 44--44
 \OT1/cmr/bx/n/10 tsk[a].)| 
 []


Package tasks Warning: The width of `label-width' is too small on line 44.
(tasks)                Please set it at least to 34.72339pt.


Overfull \hbox (11.40407pt too wide) in paragraph at lines 44--44
 \OT1/cmr/bx/n/10 tsk[a].)| 
 []


Package tasks Warning: The width of `label-width' is too small on line 44.
(tasks)                Please set it at least to 34.72339pt.


Overfull \hbox (11.40407pt too wide) in paragraph at lines 44--44
 \OT1/cmr/bx/n/10 tsk[a].)| 
 []


Package tasks Warning: The width of `item-indent' is too small on line 73.
(tasks)                Please set it at least to 33.31934pt.


Package tasks Warning: The width of `label-width' is too small on line 73.
(tasks)                Please set it at least to 34.72339pt.


Overfull \hbox (11.40407pt too wide) in paragraph at lines 73--73
 \OT1/cmr/bx/n/10 tsk[a].)| 
 []


Package tasks Warning: The width of `label-width' is too small on line 73.
(tasks)                Please set it at least to 34.72339pt.


Overfull \hbox (11.40407pt too wide) in paragraph at lines 73--73
 \OT1/cmr/bx/n/10 tsk[a].)| 
 []


Package tasks Warning: The width of `label-width' is too small on line 73.
(tasks)                Please set it at least to 34.72339pt.


Overfull \hbox (11.40407pt too wide) in paragraph at lines 73--73
 \OT1/cmr/bx/n/10 tsk[a].)| 
 []


Package tasks Warning: The width of `label-width' is too small on line 73.
(tasks)                Please set it at least to 34.72339pt.


Overfull \hbox (11.40407pt too wide) in paragraph at lines 73--73
 \OT1/cmr/bx/n/10 tsk[a].)| 
 []


Package tasks Warning: The width of `label-width' is too small on line 73.
(tasks)                Please set it at least to 34.72339pt.


Overfull \hbox (11.40407pt too wide) in paragraph at lines 73--73
 \OT1/cmr/bx/n/10 tsk[a].)| 
 []



[1{C:/Users/Isaque/AppData/Local/MiKTeX/fonts/map/pdftex/pdftex.map}]
(task-ex1.aux)
 ***********
LaTeX2e <2024-11-01> patch level 1
L3 programming layer <2024-11-02>
 ***********
 ) 
Here is how much of TeX's memory you used:
 2424 strings out of 473650
 39146 string characters out of 5727956
 441227 words of memory out of 5000000
 25390 multiletter control sequences out of 15000+600000
 563781 words of font info for 59 fonts, out of 8000000 for 9000
 1302 hyphenation exceptions out of 8191
 71i,8n,79p,247b,480s stack positions out of 10000i,1000n,20000p,200000b,200000s
<C:/Program Files/MiKTeX/fonts/type1/public/amsfonts/cm/cmbx10.pfb><C:/Progra
m Files/MiKTeX/fonts/type1/public/amsfonts/cm/cmbx12.pfb><C:/Program Files/MiKT
eX/fonts/type1/public/amsfonts/cm/cmmi10.pfb><C:/Program Files/MiKTeX/fonts/typ
e1/public/amsfonts/cm/cmr10.pfb><C:/Program Files/MiKTeX/fonts/type1/public/ams
fonts/cm/cmr7.pfb><C:/Program Files/MiKTeX/fonts/type1/public/amsfonts/cm/cmsy1
0.pfb>
Output written on task-ex1.pdf (1 page, 72066 bytes).
PDF statistics:
 36 PDF objects out of 1000 (max. 8388607)
 0 named destinations out of 1000 (max. 500000)
 1 words of extra memory for PDF output out of 10000 (max. 10000000)

